<?xml version="1.0" encoding="UTF-8"?>
<!-- Generated by org.testng.reporters.JUnitReportReporter -->
<testsuite hostname="DESKTOP-F0IKBET" failures="0" tests="1" name="FrameWrokTesting.APITesting.responseValidation" time="1.564" errors="0" timestamp="13 Feb 2025 19:42:15 GMT">
  <testcase classname="FrameWrokTesting.APITesting.responseValidation" name="checkCourse" time="1.564"/>
</testsuite> <!-- FrameWrokTesting.APITesting.responseValidation -->
