<?xml version="1.0" encoding="UTF-8"?>
<!-- Generated by org.testng.reporters.JUnitReportReporter -->
<testsuite hostname="DESKTOP-F0IKBET" failures="0" tests="1" name="FrameWrokTesting.tests.LoginErrorest" time="10.507" errors="0" timestamp="7 Feb 2025 17:45:53 GMT">
  <testcase classname="FrameWrokTesting.tests.LoginErrorest" name="errorValidations" time="10.507"/>
</testsuite> <!-- FrameWrokTesting.tests.LoginErrorest -->
