<?xml version="1.0" encoding="UTF-8"?>
<!-- Generated by org.testng.reporters.JUnitReportReporter -->
<testsuite hostname="DESKTOP-F0IKBET" failures="0" tests="1" name="FrameWrokTesting.tests.Purchase" time="21.694" errors="0" timestamp="13 Feb 2025 09:58:38 GMT">
  <testcase classname="FrameWrokTesting.tests.Purchase" name="submitOrder" time="21.694"/>
</testsuite> <!-- FrameWrokTesting.tests.Purchase -->
