<?xml version="1.0" encoding="UTF-8"?>
<!-- Generated by org.testng.reporters.JUnitReportReporter -->
<testsuite hostname="DESKTOP-F0IKBET" failures="0" tests="6" name="FrameWrokTesting.EndToEndTesting" time="16.927" errors="0" timestamp="29 Jan 2025 12:12:05 GMT">
  <testcase classname="FrameWrokTesting.EndToEndTesting" name="confirmItems" time="1.982"/>
  <testcase classname="FrameWrokTesting.EndToEndTesting" name="resgistartionTest" time="3.779"/>
  <testcase classname="FrameWrokTesting.EndToEndTesting" name="loginTest" time="0.831"/>
  <testcase classname="FrameWrokTesting.EndToEndTesting" name="makePayment" time="3.232"/>
  <testcase classname="FrameWrokTesting.EndToEndTesting" name="selectProduct" time="4.973"/>
  <testcase classname="FrameWrokTesting.EndToEndTesting" name="orderConfirmation" time="2.130"/>
</testsuite> <!-- FrameWrokTesting.EndToEndTesting -->
