<?xml version="1.0" encoding="UTF-8"?>
<!-- Generated by org.testng.reporters.JUnitReportReporter -->
<testsuite hostname="DESKTOP-F0IKBET" failures="0" tests="1" name="FrameWrokTesting.tests.LoginErrorest" time="8.582" errors="0" timestamp="13 Feb 2025 09:58:38 GMT">
  <testcase classname="FrameWrokTesting.tests.LoginErrorest" name="errorValidations" time="8.582"/>
</testsuite> <!-- FrameWrokTesting.tests.LoginErrorest -->
